<?xml version="1.0" encoding="UTF-8"?>
<!-- Generated by org.testng.reporters.JUnitXMLReporter -->
<testsuite hostname="moon-PC" ignored="0" name="Simple Test" tests="5" failures="0" timestamp="06 6월 2019 12:03:57 GMT" time="15.204" errors="0">
  <testcase name="getOpen" time="2.669" classname="TestingProject.TestingProject.AppTest"/>
  <testcase name="moveBlog" time="1.94" classname="TestingProject.TestingProject.AppTest"/>
  <testcase name="nextPage" time="2.287" classname="TestingProject.TestingProject.AppTest"/>
  <testcase name="categoryMove" time="2.19" classname="TestingProject.TestingProject.AppTest"/>
  <testcase name="monthBlog" time="2.238" classname="TestingProject.TestingProject.AppTest"/>
</testsuite> <!-- Simple Test -->
