<?xml version="1.0" encoding="UTF-8"?>
<testng-results skipped="0" failed="0" ignored="0" total="2" passed="2">
  <reporter-output>
  </reporter-output>
  <suite name="Example test run" duration-ms="16513" started-at="2019-06-06T07:25:59Z" finished-at="2019-06-06T07:26:16Z">
    <groups>
    </groups>
    <test name="Simple Test" duration-ms="16513" started-at="2019-06-06T07:25:59Z" finished-at="2019-06-06T07:26:16Z">
      <class name="TestingProject.TestingProject.AppTest">
        <test-method status="PASS" signature="beforeTest()[pri:0, instance:TestingProject.TestingProject.AppTest@2c8d66b2]" name="beforeTest" is-config="true" duration-ms="3141" started-at="2019-06-06T07:25:59Z" finished-at="2019-06-06T07:26:02Z">
          <reporter-output>
          </reporter-output>
        </test-method> <!-- beforeTest -->
        <test-method status="PASS" signature="getOpen()[pri:1, instance:TestingProject.TestingProject.AppTest@2c8d66b2]" name="getOpen" duration-ms="2588" started-at="2019-06-06T07:26:02Z" finished-at="2019-06-06T07:26:05Z">
          <reporter-output>
          </reporter-output>
        </test-method> <!-- getOpen -->
        <test-method status="PASS" signature="moveBlog()[pri:2, instance:TestingProject.TestingProject.AppTest@2c8d66b2]" name="moveBlog" duration-ms="10079" started-at="2019-06-06T07:26:05Z" finished-at="2019-06-06T07:26:15Z">
          <reporter-output>
          </reporter-output>
        </test-method> <!-- moveBlog -->
        <test-method status="PASS" signature="afterTest()[pri:0, instance:TestingProject.TestingProject.AppTest@2c8d66b2]" name="afterTest" is-config="true" duration-ms="687" started-at="2019-06-06T07:26:15Z" finished-at="2019-06-06T07:26:16Z">
          <reporter-output>
          </reporter-output>
        </test-method> <!-- afterTest -->
      </class> <!-- TestingProject.TestingProject.AppTest -->
    </test> <!-- Simple Test -->
  </suite> <!-- Example test run -->
</testng-results>
