<?xml version="1.0" encoding="UTF-8"?>
<!-- Generated by org.testng.reporters.JUnitReportReporter -->
<testsuite skipped="0" hostname="moon-PC" name="TestingProject.TestingProject.AppTest" tests="5" failures="0" timestamp="06 6월 2019 12:03:57 GMT" time="11.324" errors="0">
  <testcase name="getOpen" time="2.669" classname="TestingProject.TestingProject.AppTest"/>
  <testcase name="moveBlog" time="1.940" classname="TestingProject.TestingProject.AppTest"/>
  <testcase name="nextPage" time="2.287" classname="TestingProject.TestingProject.AppTest"/>
  <testcase name="categoryMove" time="2.190" classname="TestingProject.TestingProject.AppTest"/>
  <testcase name="monthBlog" time="2.238" classname="TestingProject.TestingProject.AppTest"/>
</testsuite> <!-- TestingProject.TestingProject.AppTest -->
