<?xml version="1.0" encoding="UTF-8"?>
<!-- Generated by org.testng.reporters.JUnitReportReporter -->
<testsuite skipped="0" hostname="moon-PC" name="TestingProject.TestingProject.AppTest" tests="2" failures="0" timestamp="06 6월 2019 07:26:16 GMT" time="12.667" errors="0">
  <testcase name="getOpen" time="2.588" classname="TestingProject.TestingProject.AppTest"/>
  <testcase name="moveBlog" time="10.079" classname="TestingProject.TestingProject.AppTest"/>
</testsuite> <!-- TestingProject.TestingProject.AppTest -->
